Exiting due to channel error.
Exiting due to channel error.
Exiting due to channel error.
Exiting due to channel error.
Exiting due to channel error.
Exiting due to channel error.
Exiting due to channel error.
Exiting due to channel error.
Exiting due to channel error.
Exiting due to channel error.
Exiting due to channel error.
Exiting due to channel error.
Exiting due to channel error.
Exiting due to channel error.
Exiting due to channel error.
[GFX1-]: Receive IPC close with reason=AbnormalShutdown
Exiting due to channel error.
Exiting due to channel error.
Exiting due to channel error.
Exiting due to channel error.
Exiting due to channel error.
Exiting due to channel error.
Exiting due to channel error.
Exiting due to channel error.
Exiting due to channel error.
Exiting due to channel error.
Exiting due to channel error.
Exiting due to channel error.
[GFX1-]: Receive IPC close with reason=AbnormalShutdown
Exiting due to channel error.
Exiting due to channel error.
Exiting due to channel error.
Exiting due to channel error.
Exiting due to channel error.
Exiting due to channel error.
Exiting due to channel error.
1579100116201	mozrunner::runner	INFO	Running command: "/usr/bin/firefox" "-marionette" "-foreground" "-no-remote" "-profile" "/tmp/rust_mozprofileDnOSWw"
1579100116491	addons.webextension.doh-rollout@mozilla.org	WARN	Loading extension 'doh-rollout@mozilla.org': Reading manifest: Invalid extension permission: networkStatus
1579100116571	addons.webextension.screenshots@mozilla.org	WARN	Loading extension 'screenshots@mozilla.org': Reading manifest: Invalid extension permission: mozillaAddons
1579100116571	addons.webextension.screenshots@mozilla.org	WARN	Loading extension 'screenshots@mozilla.org': Reading manifest: Invalid extension permission: telemetry
1579100116571	addons.webextension.screenshots@mozilla.org	WARN	Loading extension 'screenshots@mozilla.org': Reading manifest: Invalid extension permission: resource://pdf.js/
1579100116571	addons.webextension.screenshots@mozilla.org	WARN	Loading extension 'screenshots@mozilla.org': Reading manifest: Invalid extension permission: about:reader*
1579100117483	Marionette	INFO	Listening on port 33691
1579100117514	Marionette	WARN	TLS certificate errors will be ignored for this session
1579100129351	Marionette	INFO	Stopped listening on port 33691
1579100141355	mozrunner::runner	INFO	Running command: "/usr/bin/firefox" "-marionette" "-foreground" "-no-remote" "-profile" "/tmp/rust_mozprofileR3634J"
1579100141575	addons.webextension.doh-rollout@mozilla.org	WARN	Loading extension 'doh-rollout@mozilla.org': Reading manifest: Invalid extension permission: networkStatus
1579100141654	addons.webextension.screenshots@mozilla.org	WARN	Loading extension 'screenshots@mozilla.org': Reading manifest: Invalid extension permission: mozillaAddons
1579100141654	addons.webextension.screenshots@mozilla.org	WARN	Loading extension 'screenshots@mozilla.org': Reading manifest: Invalid extension permission: telemetry
1579100141656	addons.webextension.screenshots@mozilla.org	WARN	Loading extension 'screenshots@mozilla.org': Reading manifest: Invalid extension permission: resource://pdf.js/
1579100141656	addons.webextension.screenshots@mozilla.org	WARN	Loading extension 'screenshots@mozilla.org': Reading manifest: Invalid extension permission: about:reader*
1579100142641	Marionette	INFO	Listening on port 46633
1579100142658	Marionette	WARN	TLS certificate errors will be ignored for this session
1579100840945	mozrunner::runner	INFO	Running command: "/usr/bin/firefox" "-marionette" "-foreground" "-no-remote" "-profile" "/tmp/rust_mozprofile5OSHaQ"
1579100841159	addons.webextension.doh-rollout@mozilla.org	WARN	Loading extension 'doh-rollout@mozilla.org': Reading manifest: Invalid extension permission: networkStatus
1579100841240	addons.webextension.screenshots@mozilla.org	WARN	Loading extension 'screenshots@mozilla.org': Reading manifest: Invalid extension permission: mozillaAddons
1579100841240	addons.webextension.screenshots@mozilla.org	WARN	Loading extension 'screenshots@mozilla.org': Reading manifest: Invalid extension permission: telemetry
1579100841240	addons.webextension.screenshots@mozilla.org	WARN	Loading extension 'screenshots@mozilla.org': Reading manifest: Invalid extension permission: resource://pdf.js/
1579100841240	addons.webextension.screenshots@mozilla.org	WARN	Loading extension 'screenshots@mozilla.org': Reading manifest: Invalid extension permission: about:reader*
1579100842242	Marionette	INFO	Listening on port 40325
1579100842252	Marionette	WARN	TLS certificate errors will be ignored for this session
1579101278475	mozrunner::runner	INFO	Running command: "/usr/bin/firefox" "-marionette" "-foreground" "-no-remote" "-profile" "/tmp/rust_mozprofileMyrXtu"
1579101278738	addons.webextension.doh-rollout@mozilla.org	WARN	Loading extension 'doh-rollout@mozilla.org': Reading manifest: Invalid extension permission: networkStatus
1579101278816	addons.webextension.screenshots@mozilla.org	WARN	Loading extension 'screenshots@mozilla.org': Reading manifest: Invalid extension permission: mozillaAddons
1579101278817	addons.webextension.screenshots@mozilla.org	WARN	Loading extension 'screenshots@mozilla.org': Reading manifest: Invalid extension permission: telemetry
1579101278817	addons.webextension.screenshots@mozilla.org	WARN	Loading extension 'screenshots@mozilla.org': Reading manifest: Invalid extension permission: resource://pdf.js/
1579101278817	addons.webextension.screenshots@mozilla.org	WARN	Loading extension 'screenshots@mozilla.org': Reading manifest: Invalid extension permission: about:reader*
1579101279877	Marionette	INFO	Listening on port 37077
1579101279985	Marionette	WARN	TLS certificate errors will be ignored for this session
1579101395671	mozrunner::runner	INFO	Running command: "/usr/bin/firefox" "-marionette" "-foreground" "-no-remote" "-profile" "/tmp/rust_mozprofilebTClGr"
1579101395884	addons.webextension.doh-rollout@mozilla.org	WARN	Loading extension 'doh-rollout@mozilla.org': Reading manifest: Invalid extension permission: networkStatus
1579101395963	addons.webextension.screenshots@mozilla.org	WARN	Loading extension 'screenshots@mozilla.org': Reading manifest: Invalid extension permission: mozillaAddons
1579101395965	addons.webextension.screenshots@mozilla.org	WARN	Loading extension 'screenshots@mozilla.org': Reading manifest: Invalid extension permission: telemetry
1579101395965	addons.webextension.screenshots@mozilla.org	WARN	Loading extension 'screenshots@mozilla.org': Reading manifest: Invalid extension permission: resource://pdf.js/
1579101395965	addons.webextension.screenshots@mozilla.org	WARN	Loading extension 'screenshots@mozilla.org': Reading manifest: Invalid extension permission: about:reader*
1579101396919	Marionette	INFO	Listening on port 41435
1579101396974	Marionette	WARN	TLS certificate errors will be ignored for this session
1579101449424	mozrunner::runner	INFO	Running command: "/usr/bin/firefox" "-marionette" "-foreground" "-no-remote" "-profile" "/tmp/rust_mozprofileK2rzkK"
1579101449674	addons.webextension.doh-rollout@mozilla.org	WARN	Loading extension 'doh-rollout@mozilla.org': Reading manifest: Invalid extension permission: networkStatus
1579101449754	addons.webextension.screenshots@mozilla.org	WARN	Loading extension 'screenshots@mozilla.org': Reading manifest: Invalid extension permission: mozillaAddons
1579101449755	addons.webextension.screenshots@mozilla.org	WARN	Loading extension 'screenshots@mozilla.org': Reading manifest: Invalid extension permission: telemetry
1579101449755	addons.webextension.screenshots@mozilla.org	WARN	Loading extension 'screenshots@mozilla.org': Reading manifest: Invalid extension permission: resource://pdf.js/
1579101449755	addons.webextension.screenshots@mozilla.org	WARN	Loading extension 'screenshots@mozilla.org': Reading manifest: Invalid extension permission: about:reader*
1579101450650	Marionette	INFO	Listening on port 45569
1579101450728	Marionette	WARN	TLS certificate errors will be ignored for this session
1579101470444	mozrunner::runner	INFO	Running command: "/usr/bin/firefox" "-marionette" "-foreground" "-no-remote" "-profile" "/tmp/rust_mozprofile1DwwBl"
1579101470690	addons.webextension.doh-rollout@mozilla.org	WARN	Loading extension 'doh-rollout@mozilla.org': Reading manifest: Invalid extension permission: networkStatus
1579101470769	addons.webextension.screenshots@mozilla.org	WARN	Loading extension 'screenshots@mozilla.org': Reading manifest: Invalid extension permission: mozillaAddons
1579101470769	addons.webextension.screenshots@mozilla.org	WARN	Loading extension 'screenshots@mozilla.org': Reading manifest: Invalid extension permission: telemetry
1579101470771	addons.webextension.screenshots@mozilla.org	WARN	Loading extension 'screenshots@mozilla.org': Reading manifest: Invalid extension permission: resource://pdf.js/
1579101470771	addons.webextension.screenshots@mozilla.org	WARN	Loading extension 'screenshots@mozilla.org': Reading manifest: Invalid extension permission: about:reader*
1579101471738	Marionette	INFO	Listening on port 33427
1579101471748	Marionette	WARN	TLS certificate errors will be ignored for this session
1579101476730	Marionette	INFO	Stopped listening on port 33427
1579101477328	Marionette	INFO	Stopped listening on port 41435
1579101480508	Marionette	INFO	Stopped listening on port 45569
1579102061840	mozrunner::runner	INFO	Running command: "/usr/bin/firefox" "-marionette" "-foreground" "-no-remote" "-profile" "/tmp/rust_mozprofile6Moiz2"
1579102062088	addons.webextension.doh-rollout@mozilla.org	WARN	Loading extension 'doh-rollout@mozilla.org': Reading manifest: Invalid extension permission: networkStatus
1579102062167	addons.webextension.screenshots@mozilla.org	WARN	Loading extension 'screenshots@mozilla.org': Reading manifest: Invalid extension permission: mozillaAddons
1579102062169	addons.webextension.screenshots@mozilla.org	WARN	Loading extension 'screenshots@mozilla.org': Reading manifest: Invalid extension permission: telemetry
1579102062169	addons.webextension.screenshots@mozilla.org	WARN	Loading extension 'screenshots@mozilla.org': Reading manifest: Invalid extension permission: resource://pdf.js/
1579102062169	addons.webextension.screenshots@mozilla.org	WARN	Loading extension 'screenshots@mozilla.org': Reading manifest: Invalid extension permission: about:reader*
1579102063179	Marionette	INFO	Listening on port 35635
1579102063243	Marionette	WARN	TLS certificate errors will be ignored for this session
1579102087850	Marionette	INFO	Stopped listening on port 46633
1579102089409	Marionette	INFO	Stopped listening on port 40325
1579102090570	Marionette	INFO	Stopped listening on port 37077
Exiting due to channel error.
Exiting due to channel error.
Exiting due to channel error.
1579102147581	mozrunner::runner	INFO	Running command: "/usr/bin/firefox" "-marionette" "-foreground" "-no-remote" "-profile" "/tmp/rust_mozprofile7acNet"
1579102147822	addons.webextension.doh-rollout@mozilla.org	WARN	Loading extension 'doh-rollout@mozilla.org': Reading manifest: Invalid extension permission: networkStatus
1579102147903	addons.webextension.screenshots@mozilla.org	WARN	Loading extension 'screenshots@mozilla.org': Reading manifest: Invalid extension permission: mozillaAddons
1579102147905	addons.webextension.screenshots@mozilla.org	WARN	Loading extension 'screenshots@mozilla.org': Reading manifest: Invalid extension permission: telemetry
1579102147905	addons.webextension.screenshots@mozilla.org	WARN	Loading extension 'screenshots@mozilla.org': Reading manifest: Invalid extension permission: resource://pdf.js/
1579102147905	addons.webextension.screenshots@mozilla.org	WARN	Loading extension 'screenshots@mozilla.org': Reading manifest: Invalid extension permission: about:reader*
1579102149010	Marionette	INFO	Listening on port 43927
1579102149089	Marionette	WARN	TLS certificate errors will be ignored for this session
1579102271436	mozrunner::runner	INFO	Running command: "/usr/bin/firefox" "-marionette" "-foreground" "-no-remote" "-profile" "/tmp/rust_mozprofile57PVKb"
1579102271684	addons.webextension.doh-rollout@mozilla.org	WARN	Loading extension 'doh-rollout@mozilla.org': Reading manifest: Invalid extension permission: networkStatus
1579102271764	addons.webextension.screenshots@mozilla.org	WARN	Loading extension 'screenshots@mozilla.org': Reading manifest: Invalid extension permission: mozillaAddons
1579102271766	addons.webextension.screenshots@mozilla.org	WARN	Loading extension 'screenshots@mozilla.org': Reading manifest: Invalid extension permission: telemetry
1579102271766	addons.webextension.screenshots@mozilla.org	WARN	Loading extension 'screenshots@mozilla.org': Reading manifest: Invalid extension permission: resource://pdf.js/
1579102271766	addons.webextension.screenshots@mozilla.org	WARN	Loading extension 'screenshots@mozilla.org': Reading manifest: Invalid extension permission: about:reader*
1579102272670	Marionette	INFO	Listening on port 42903
1579102272739	Marionette	WARN	TLS certificate errors will be ignored for this session
1579102314833	mozrunner::runner	INFO	Running command: "/usr/bin/firefox" "-marionette" "-foreground" "-no-remote" "-profile" "/tmp/rust_mozprofileHJjmnH"
1579102315047	addons.webextension.doh-rollout@mozilla.org	WARN	Loading extension 'doh-rollout@mozilla.org': Reading manifest: Invalid extension permission: networkStatus
1579102315127	addons.webextension.screenshots@mozilla.org	WARN	Loading extension 'screenshots@mozilla.org': Reading manifest: Invalid extension permission: mozillaAddons
1579102315128	addons.webextension.screenshots@mozilla.org	WARN	Loading extension 'screenshots@mozilla.org': Reading manifest: Invalid extension permission: telemetry
1579102315128	addons.webextension.screenshots@mozilla.org	WARN	Loading extension 'screenshots@mozilla.org': Reading manifest: Invalid extension permission: resource://pdf.js/
1579102315128	addons.webextension.screenshots@mozilla.org	WARN	Loading extension 'screenshots@mozilla.org': Reading manifest: Invalid extension permission: about:reader*
1579102316055	Marionette	INFO	Listening on port 39687
1579102316137	Marionette	WARN	TLS certificate errors will be ignored for this session
1579102701269	mozrunner::runner	INFO	Running command: "/usr/bin/firefox" "-marionette" "-foreground" "-no-remote" "-profile" "/tmp/rust_mozprofileGiItvy"
1579102701501	addons.webextension.doh-rollout@mozilla.org	WARN	Loading extension 'doh-rollout@mozilla.org': Reading manifest: Invalid extension permission: networkStatus
1579102701581	addons.webextension.screenshots@mozilla.org	WARN	Loading extension 'screenshots@mozilla.org': Reading manifest: Invalid extension permission: mozillaAddons
1579102701582	addons.webextension.screenshots@mozilla.org	WARN	Loading extension 'screenshots@mozilla.org': Reading manifest: Invalid extension permission: telemetry
1579102701582	addons.webextension.screenshots@mozilla.org	WARN	Loading extension 'screenshots@mozilla.org': Reading manifest: Invalid extension permission: resource://pdf.js/
1579102701582	addons.webextension.screenshots@mozilla.org	WARN	Loading extension 'screenshots@mozilla.org': Reading manifest: Invalid extension permission: about:reader*
1579102702544	Marionette	INFO	Listening on port 37569
1579102702579	Marionette	WARN	TLS certificate errors will be ignored for this session
1579102733804	Marionette	INFO	Stopped listening on port 37569
1579102754563	Marionette	INFO	Stopped listening on port 39687
1579102757593	Marionette	INFO	Stopped listening on port 42903
1579102757596	Marionette	INFO	Stopped listening on port 43927
1579102767117	mozrunner::runner	INFO	Running command: "/usr/bin/firefox" "-marionette" "-foreground" "-no-remote" "-profile" "/tmp/rust_mozprofile1mugcW"
1579102767344	addons.webextension.doh-rollout@mozilla.org	WARN	Loading extension 'doh-rollout@mozilla.org': Reading manifest: Invalid extension permission: networkStatus
1579102767424	addons.webextension.screenshots@mozilla.org	WARN	Loading extension 'screenshots@mozilla.org': Reading manifest: Invalid extension permission: mozillaAddons
1579102767426	addons.webextension.screenshots@mozilla.org	WARN	Loading extension 'screenshots@mozilla.org': Reading manifest: Invalid extension permission: telemetry
1579102767426	addons.webextension.screenshots@mozilla.org	WARN	Loading extension 'screenshots@mozilla.org': Reading manifest: Invalid extension permission: resource://pdf.js/
1579102767426	addons.webextension.screenshots@mozilla.org	WARN	Loading extension 'screenshots@mozilla.org': Reading manifest: Invalid extension permission: about:reader*
1579102768361	Marionette	INFO	Listening on port 45905
1579102768426	Marionette	WARN	TLS certificate errors will be ignored for this session
1579102806953	mozrunner::runner	INFO	Running command: "/usr/bin/firefox" "-marionette" "-foreground" "-no-remote" "-profile" "/tmp/rust_mozprofileJ4MxN3"
1579102807207	addons.webextension.doh-rollout@mozilla.org	WARN	Loading extension 'doh-rollout@mozilla.org': Reading manifest: Invalid extension permission: networkStatus
1579102807285	addons.webextension.screenshots@mozilla.org	WARN	Loading extension 'screenshots@mozilla.org': Reading manifest: Invalid extension permission: mozillaAddons
1579102807287	addons.webextension.screenshots@mozilla.org	WARN	Loading extension 'screenshots@mozilla.org': Reading manifest: Invalid extension permission: telemetry
1579102807287	addons.webextension.screenshots@mozilla.org	WARN	Loading extension 'screenshots@mozilla.org': Reading manifest: Invalid extension permission: resource://pdf.js/
1579102807287	addons.webextension.screenshots@mozilla.org	WARN	Loading extension 'screenshots@mozilla.org': Reading manifest: Invalid extension permission: about:reader*
1579102808411	Marionette	INFO	Listening on port 38655
1579102808457	Marionette	WARN	TLS certificate errors will be ignored for this session
JavaScript error: https://seller.cdiscount.com/ruxitagentjs_ICA2SVfjqru_10181191119154660.js, line 8: SyntaxError: expected expression, got '<'
SourceActor threw an exception: [Exception... "Component returned failure code: 0x80470002 (NS_BASE_STREAM_CLOSED) [nsIInputStream.available]"  nsresult: "0x80470002 (NS_BASE_STREAM_CLOSED)"  location: "JS frame :: resource://devtools/shared/DevToolsUtils.js :: onResponse :: line 579"  data: no]
Stack: onResponse@resource://devtools/shared/DevToolsUtils.js:579:34
onStopRequest@resource://gre/modules/NetUtil.jsm:128:18
Line: 579, column: 0
console.error: ({})
JavaScript error: resource://devtools/shared/DevToolsUtils.js, line 579: NS_BASE_STREAM_CLOSED: Component returned failure code: 0x80470002 (NS_BASE_STREAM_CLOSED) [nsIInputStream.available]
SourceActor threw an exception: [Exception... "Component returned failure code: 0x80470002 (NS_BASE_STREAM_CLOSED) [nsIInputStream.available]"  nsresult: "0x80470002 (NS_BASE_STREAM_CLOSED)"  location: "JS frame :: resource://devtools/shared/DevToolsUtils.js :: onResponse :: line 579"  data: no]
Stack: onResponse@resource://devtools/shared/DevToolsUtils.js:579:34
onStopRequest@resource://gre/modules/NetUtil.jsm:128:18
Line: 579, column: 0
console.error: ({})
JavaScript error: resource://devtools/shared/DevToolsUtils.js, line 579: NS_BASE_STREAM_CLOSED: Component returned failure code: 0x80470002 (NS_BASE_STREAM_CLOSED) [nsIInputStream.available]
SourceActor threw an exception: [Exception... "Component returned failure code: 0x80470002 (NS_BASE_STREAM_CLOSED) [nsIInputStream.available]"  nsresult: "0x80470002 (NS_BASE_STREAM_CLOSED)"  location: "JS frame :: resource://devtools/shared/DevToolsUtils.js :: onResponse :: line 579"  data: no]
Stack: onResponse@resource://devtools/shared/DevToolsUtils.js:579:34
onStopRequest@resource://gre/modules/NetUtil.jsm:128:18
Line: 579, column: 0
console.error: ({})
JavaScript error: resource://devtools/shared/DevToolsUtils.js, line 579: NS_BASE_STREAM_CLOSED: Component returned failure code: 0x80470002 (NS_BASE_STREAM_CLOSED) [nsIInputStream.available]
SourceActor threw an exception: [Exception... "Component returned failure code: 0x80470002 (NS_BASE_STREAM_CLOSED) [nsIInputStream.available]"  nsresult: "0x80470002 (NS_BASE_STREAM_CLOSED)"  location: "JS frame :: resource://devtools/shared/DevToolsUtils.js :: onResponse :: line 579"  data: no]
Stack: onResponse@resource://devtools/shared/DevToolsUtils.js:579:34
onStopRequest@resource://gre/modules/NetUtil.jsm:128:18
Line: 579, column: 0
console.error: ({})
JavaScript error: resource://devtools/shared/DevToolsUtils.js, line 579: NS_BASE_STREAM_CLOSED: Component returned failure code: 0x80470002 (NS_BASE_STREAM_CLOSED) [nsIInputStream.available]
1579103213738	mozrunner::runner	INFO	Running command: "/usr/bin/firefox" "-marionette" "-foreground" "-no-remote" "-profile" "/tmp/rust_mozprofileQaBsCO"
1579103213994	addons.webextension.doh-rollout@mozilla.org	WARN	Loading extension 'doh-rollout@mozilla.org': Reading manifest: Invalid extension permission: networkStatus
1579103214072	addons.webextension.screenshots@mozilla.org	WARN	Loading extension 'screenshots@mozilla.org': Reading manifest: Invalid extension permission: mozillaAddons
1579103214072	addons.webextension.screenshots@mozilla.org	WARN	Loading extension 'screenshots@mozilla.org': Reading manifest: Invalid extension permission: telemetry
1579103214074	addons.webextension.screenshots@mozilla.org	WARN	Loading extension 'screenshots@mozilla.org': Reading manifest: Invalid extension permission: resource://pdf.js/
1579103214074	addons.webextension.screenshots@mozilla.org	WARN	Loading extension 'screenshots@mozilla.org': Reading manifest: Invalid extension permission: about:reader*
1579103215039	Marionette	INFO	Listening on port 41651
1579103215043	Marionette	WARN	TLS certificate errors will be ignored for this session
1579103222872	mozrunner::runner	INFO	Running command: "/usr/bin/firefox" "-marionette" "-foreground" "-no-remote" "-profile" "/tmp/rust_mozprofileC0md9n"
1579103223171	addons.webextension.doh-rollout@mozilla.org	WARN	Loading extension 'doh-rollout@mozilla.org': Reading manifest: Invalid extension permission: networkStatus
1579103223250	addons.webextension.screenshots@mozilla.org	WARN	Loading extension 'screenshots@mozilla.org': Reading manifest: Invalid extension permission: mozillaAddons
1579103223250	addons.webextension.screenshots@mozilla.org	WARN	Loading extension 'screenshots@mozilla.org': Reading manifest: Invalid extension permission: telemetry
1579103223250	addons.webextension.screenshots@mozilla.org	WARN	Loading extension 'screenshots@mozilla.org': Reading manifest: Invalid extension permission: resource://pdf.js/
1579103223250	addons.webextension.screenshots@mozilla.org	WARN	Loading extension 'screenshots@mozilla.org': Reading manifest: Invalid extension permission: about:reader*
1579103224364	Marionette	INFO	Listening on port 43633
1579103224375	Marionette	WARN	TLS certificate errors will be ignored for this session
1579103281211	mozrunner::runner	INFO	Running command: "/usr/bin/firefox" "-marionette" "-foreground" "-no-remote" "-profile" "/tmp/rust_mozprofilep7XGPd"
1579103281488	addons.webextension.doh-rollout@mozilla.org	WARN	Loading extension 'doh-rollout@mozilla.org': Reading manifest: Invalid extension permission: networkStatus
1579103281567	addons.webextension.screenshots@mozilla.org	WARN	Loading extension 'screenshots@mozilla.org': Reading manifest: Invalid extension permission: mozillaAddons
1579103281568	addons.webextension.screenshots@mozilla.org	WARN	Loading extension 'screenshots@mozilla.org': Reading manifest: Invalid extension permission: telemetry
1579103281568	addons.webextension.screenshots@mozilla.org	WARN	Loading extension 'screenshots@mozilla.org': Reading manifest: Invalid extension permission: resource://pdf.js/
1579103281568	addons.webextension.screenshots@mozilla.org	WARN	Loading extension 'screenshots@mozilla.org': Reading manifest: Invalid extension permission: about:reader*
1579103282521	Marionette	INFO	Listening on port 46475
1579103282618	Marionette	WARN	TLS certificate errors will be ignored for this session
JavaScript error: https://seller.cdiscount.com/login, line 18: ReferenceError: AddQuery is not defined
1579103397782	mozrunner::runner	INFO	Running command: "/usr/bin/firefox" "-marionette" "-foreground" "-no-remote" "-profile" "/tmp/rust_mozprofileaR5oLl"
1579103398081	addons.webextension.doh-rollout@mozilla.org	WARN	Loading extension 'doh-rollout@mozilla.org': Reading manifest: Invalid extension permission: networkStatus
1579103398160	addons.webextension.screenshots@mozilla.org	WARN	Loading extension 'screenshots@mozilla.org': Reading manifest: Invalid extension permission: mozillaAddons
1579103398161	addons.webextension.screenshots@mozilla.org	WARN	Loading extension 'screenshots@mozilla.org': Reading manifest: Invalid extension permission: telemetry
1579103398161	addons.webextension.screenshots@mozilla.org	WARN	Loading extension 'screenshots@mozilla.org': Reading manifest: Invalid extension permission: resource://pdf.js/
1579103398161	addons.webextension.screenshots@mozilla.org	WARN	Loading extension 'screenshots@mozilla.org': Reading manifest: Invalid extension permission: about:reader*
1579103399068	Marionette	INFO	Listening on port 38395
1579103399091	Marionette	WARN	TLS certificate errors will be ignored for this session
1579103456551	mozrunner::runner	INFO	Running command: "/usr/bin/firefox" "-marionette" "-foreground" "-no-remote" "-profile" "/tmp/rust_mozprofile5n3gVp"
1579103456777	addons.webextension.doh-rollout@mozilla.org	WARN	Loading extension 'doh-rollout@mozilla.org': Reading manifest: Invalid extension permission: networkStatus
1579103456855	addons.webextension.screenshots@mozilla.org	WARN	Loading extension 'screenshots@mozilla.org': Reading manifest: Invalid extension permission: mozillaAddons
1579103456857	addons.webextension.screenshots@mozilla.org	WARN	Loading extension 'screenshots@mozilla.org': Reading manifest: Invalid extension permission: telemetry
1579103456857	addons.webextension.screenshots@mozilla.org	WARN	Loading extension 'screenshots@mozilla.org': Reading manifest: Invalid extension permission: resource://pdf.js/
1579103456857	addons.webextension.screenshots@mozilla.org	WARN	Loading extension 'screenshots@mozilla.org': Reading manifest: Invalid extension permission: about:reader*
1579103457799	Marionette	INFO	Listening on port 36027
1579103457857	Marionette	WARN	TLS certificate errors will be ignored for this session
JavaScript error: https://seller.cdiscount.com/ruxitagentjs_ICA2SVfjqru_10181191119154660.js, line 8: SyntaxError: expected expression, got '<'
1579103523487	mozrunner::runner	INFO	Running command: "/usr/bin/firefox" "-marionette" "-foreground" "-no-remote" "-profile" "/tmp/rust_mozprofile28McQu"
1579103523696	addons.webextension.doh-rollout@mozilla.org	WARN	Loading extension 'doh-rollout@mozilla.org': Reading manifest: Invalid extension permission: networkStatus
1579103523776	addons.webextension.screenshots@mozilla.org	WARN	Loading extension 'screenshots@mozilla.org': Reading manifest: Invalid extension permission: mozillaAddons
1579103523777	addons.webextension.screenshots@mozilla.org	WARN	Loading extension 'screenshots@mozilla.org': Reading manifest: Invalid extension permission: telemetry
1579103523777	addons.webextension.screenshots@mozilla.org	WARN	Loading extension 'screenshots@mozilla.org': Reading manifest: Invalid extension permission: resource://pdf.js/
1579103523777	addons.webextension.screenshots@mozilla.org	WARN	Loading extension 'screenshots@mozilla.org': Reading manifest: Invalid extension permission: about:reader*
1579103524688	Marionette	INFO	Listening on port 44999
1579103524697	Marionette	WARN	TLS certificate errors will be ignored for this session
JavaScript error: https://seller.cdiscount.com/ruxitagentjs_ICA2SVfjqru_10181191119154660.js, line 8: SyntaxError: expected expression, got '<'
1579103540312	mozrunner::runner	INFO	Running command: "/usr/bin/firefox" "-marionette" "-foreground" "-no-remote" "-profile" "/tmp/rust_mozprofile1padsn"
1579103540536	addons.webextension.doh-rollout@mozilla.org	WARN	Loading extension 'doh-rollout@mozilla.org': Reading manifest: Invalid extension permission: networkStatus
1579103540615	addons.webextension.screenshots@mozilla.org	WARN	Loading extension 'screenshots@mozilla.org': Reading manifest: Invalid extension permission: mozillaAddons
1579103540617	addons.webextension.screenshots@mozilla.org	WARN	Loading extension 'screenshots@mozilla.org': Reading manifest: Invalid extension permission: telemetry
1579103540617	addons.webextension.screenshots@mozilla.org	WARN	Loading extension 'screenshots@mozilla.org': Reading manifest: Invalid extension permission: resource://pdf.js/
1579103540617	addons.webextension.screenshots@mozilla.org	WARN	Loading extension 'screenshots@mozilla.org': Reading manifest: Invalid extension permission: about:reader*
1579103541593	Marionette	INFO	Listening on port 33749
1579103541615	Marionette	WARN	TLS certificate errors will be ignored for this session
1579103593847	mozrunner::runner	INFO	Running command: "/usr/bin/firefox" "-marionette" "-foreground" "-no-remote" "-profile" "/tmp/rust_mozprofileT84pSM"
1579103594071	addons.webextension.doh-rollout@mozilla.org	WARN	Loading extension 'doh-rollout@mozilla.org': Reading manifest: Invalid extension permission: networkStatus
1579103594150	addons.webextension.screenshots@mozilla.org	WARN	Loading extension 'screenshots@mozilla.org': Reading manifest: Invalid extension permission: mozillaAddons
1579103594150	addons.webextension.screenshots@mozilla.org	WARN	Loading extension 'screenshots@mozilla.org': Reading manifest: Invalid extension permission: telemetry
1579103594150	addons.webextension.screenshots@mozilla.org	WARN	Loading extension 'screenshots@mozilla.org': Reading manifest: Invalid extension permission: resource://pdf.js/
1579103594150	addons.webextension.screenshots@mozilla.org	WARN	Loading extension 'screenshots@mozilla.org': Reading manifest: Invalid extension permission: about:reader*
1579103594959	Marionette	INFO	Listening on port 38141
1579103595126	Marionette	WARN	TLS certificate errors will be ignored for this session
JavaScript error: https://seller.cdiscount.com/login, line 18: ReferenceError: AddQuery is not defined
1579103619169	mozrunner::runner	INFO	Running command: "/usr/bin/firefox" "-marionette" "-foreground" "-no-remote" "-profile" "/tmp/rust_mozprofile0Qihk1"
1579103619424	addons.webextension.doh-rollout@mozilla.org	WARN	Loading extension 'doh-rollout@mozilla.org': Reading manifest: Invalid extension permission: networkStatus
1579103619502	addons.webextension.screenshots@mozilla.org	WARN	Loading extension 'screenshots@mozilla.org': Reading manifest: Invalid extension permission: mozillaAddons
1579103619502	addons.webextension.screenshots@mozilla.org	WARN	Loading extension 'screenshots@mozilla.org': Reading manifest: Invalid extension permission: telemetry
1579103619503	addons.webextension.screenshots@mozilla.org	WARN	Loading extension 'screenshots@mozilla.org': Reading manifest: Invalid extension permission: resource://pdf.js/
1579103619503	addons.webextension.screenshots@mozilla.org	WARN	Loading extension 'screenshots@mozilla.org': Reading manifest: Invalid extension permission: about:reader*
1579103620624	Marionette	INFO	Listening on port 42117
1579103620672	Marionette	WARN	TLS certificate errors will be ignored for this session
1579103626232	Marionette	INFO	Stopped listening on port 38141
1579103643150	Marionette	INFO	Stopped listening on port 33749
1579103644448	Marionette	INFO	Stopped listening on port 42117
1579103644722	Marionette	INFO	Stopped listening on port 44999
1579103648176	Marionette	INFO	Stopped listening on port 38395

###!!! [Child][RunMessage] Error: Channel closing: too late to send/recv, messages will be lost


###!!! [Child][RunMessage] Error: Channel closing: too late to send/recv, messages will be lost

1579103649642	Marionette	INFO	Stopped listening on port 36027
1579103651225	Marionette	INFO	Stopped listening on port 41651
1579103653892	mozrunner::runner	INFO	Running command: "/usr/bin/firefox" "-marionette" "-foreground" "-no-remote" "-profile" "/tmp/rust_mozprofileNx3q3S"
1579103654101	addons.webextension.doh-rollout@mozilla.org	WARN	Loading extension 'doh-rollout@mozilla.org': Reading manifest: Invalid extension permission: networkStatus
1579103654179	addons.webextension.screenshots@mozilla.org	WARN	Loading extension 'screenshots@mozilla.org': Reading manifest: Invalid extension permission: mozillaAddons
1579103654181	addons.webextension.screenshots@mozilla.org	WARN	Loading extension 'screenshots@mozilla.org': Reading manifest: Invalid extension permission: telemetry
1579103654181	addons.webextension.screenshots@mozilla.org	WARN	Loading extension 'screenshots@mozilla.org': Reading manifest: Invalid extension permission: resource://pdf.js/
1579103654181	addons.webextension.screenshots@mozilla.org	WARN	Loading extension 'screenshots@mozilla.org': Reading manifest: Invalid extension permission: about:reader*
1579103655166	Marionette	INFO	Listening on port 45873
1579103655195	Marionette	WARN	TLS certificate errors will be ignored for this session
JavaScript error: https://seller.cdiscount.com/ruxitagentjs_ICA2SVfjqru_10181191119154660.js, line 8: SyntaxError: expected expression, got '<'
console.error: (new TypeError("currentNode is null", "resource://devtools/client/inspector/shared/style-change-tracker.js", 82))
TypeError: currentNode is null: canMutationImpactCurrentStyles@resource://devtools/client/inspector/shared/style-change-tracker.js:82:20
onMutations@resource://devtools/client/inspector/shared/style-change-tracker.js:100:41
emit@resource://devtools/shared/event-emitter.js:190:24
emit@resource://devtools/shared/event-emitter.js:271:18
getMutations@resource://devtools/shared/fronts/walker.js:411:10

1579103729628	Marionette	INFO	Stopped listening on port 38655
1579103749219	Marionette	INFO	Stopped listening on port 45905
1579103750893	Marionette	INFO	Stopped listening on port 46475
console.error: (new TypeError("currentNode is null", "resource://devtools/client/inspector/shared/style-change-tracker.js", 82))
TypeError: currentNode is null: canMutationImpactCurrentStyles@resource://devtools/client/inspector/shared/style-change-tracker.js:82:20
onMutations@resource://devtools/client/inspector/shared/style-change-tracker.js:100:41
emit@resource://devtools/shared/event-emitter.js:190:24
emit@resource://devtools/shared/event-emitter.js:271:18
getMutations@resource://devtools/shared/fronts/walker.js:411:10

1579104047850	mozrunner::runner	INFO	Running command: "/usr/bin/firefox" "-marionette" "-foreground" "-no-remote" "-profile" "/tmp/rust_mozprofilep3nG9c"
1579104048065	addons.webextension.doh-rollout@mozilla.org	WARN	Loading extension 'doh-rollout@mozilla.org': Reading manifest: Invalid extension permission: networkStatus
1579104048146	addons.webextension.screenshots@mozilla.org	WARN	Loading extension 'screenshots@mozilla.org': Reading manifest: Invalid extension permission: mozillaAddons
1579104048146	addons.webextension.screenshots@mozilla.org	WARN	Loading extension 'screenshots@mozilla.org': Reading manifest: Invalid extension permission: telemetry
1579104048146	addons.webextension.screenshots@mozilla.org	WARN	Loading extension 'screenshots@mozilla.org': Reading manifest: Invalid extension permission: resource://pdf.js/
1579104048146	addons.webextension.screenshots@mozilla.org	WARN	Loading extension 'screenshots@mozilla.org': Reading manifest: Invalid extension permission: about:reader*
1579104049082	Marionette	INFO	Listening on port 42667
1579104049153	Marionette	WARN	TLS certificate errors will be ignored for this session
JavaScript error: https://seller.cdiscount.com/login, line 18: ReferenceError: AddQuery is not defined
1579104088538	mozrunner::runner	INFO	Running command: "/usr/bin/firefox" "-marionette" "-foreground" "-no-remote" "-profile" "/tmp/rust_mozprofileF1zruA"
1579104088765	addons.webextension.doh-rollout@mozilla.org	WARN	Loading extension 'doh-rollout@mozilla.org': Reading manifest: Invalid extension permission: networkStatus
1579104088843	addons.webextension.screenshots@mozilla.org	WARN	Loading extension 'screenshots@mozilla.org': Reading manifest: Invalid extension permission: mozillaAddons
1579104088845	addons.webextension.screenshots@mozilla.org	WARN	Loading extension 'screenshots@mozilla.org': Reading manifest: Invalid extension permission: telemetry
1579104088845	addons.webextension.screenshots@mozilla.org	WARN	Loading extension 'screenshots@mozilla.org': Reading manifest: Invalid extension permission: resource://pdf.js/
1579104088845	addons.webextension.screenshots@mozilla.org	WARN	Loading extension 'screenshots@mozilla.org': Reading manifest: Invalid extension permission: about:reader*
1579104089813	Marionette	INFO	Listening on port 34745
1579104089841	Marionette	WARN	TLS certificate errors will be ignored for this session
1579104112694	mozrunner::runner	INFO	Running command: "/usr/bin/firefox" "-marionette" "-foreground" "-no-remote" "-profile" "/tmp/rust_mozprofilerlBmq3"
1579104112915	addons.webextension.doh-rollout@mozilla.org	WARN	Loading extension 'doh-rollout@mozilla.org': Reading manifest: Invalid extension permission: networkStatus
1579104112994	addons.webextension.screenshots@mozilla.org	WARN	Loading extension 'screenshots@mozilla.org': Reading manifest: Invalid extension permission: mozillaAddons
1579104112994	addons.webextension.screenshots@mozilla.org	WARN	Loading extension 'screenshots@mozilla.org': Reading manifest: Invalid extension permission: telemetry
1579104112994	addons.webextension.screenshots@mozilla.org	WARN	Loading extension 'screenshots@mozilla.org': Reading manifest: Invalid extension permission: resource://pdf.js/
1579104112994	addons.webextension.screenshots@mozilla.org	WARN	Loading extension 'screenshots@mozilla.org': Reading manifest: Invalid extension permission: about:reader*
1579104114003	Marionette	INFO	Listening on port 37279
1579104114098	Marionette	WARN	TLS certificate errors will be ignored for this session
JavaScript error: https://seller.cdiscount.com/login, line 18: ReferenceError: AddQuery is not defined
1579104128440	mozrunner::runner	INFO	Running command: "/usr/bin/firefox" "-marionette" "-foreground" "-no-remote" "-profile" "/tmp/rust_mozprofileBmIXPQ"
1579104128676	addons.webextension.doh-rollout@mozilla.org	WARN	Loading extension 'doh-rollout@mozilla.org': Reading manifest: Invalid extension permission: networkStatus
1579104128757	addons.webextension.screenshots@mozilla.org	WARN	Loading extension 'screenshots@mozilla.org': Reading manifest: Invalid extension permission: mozillaAddons
1579104128757	addons.webextension.screenshots@mozilla.org	WARN	Loading extension 'screenshots@mozilla.org': Reading manifest: Invalid extension permission: telemetry
1579104128757	addons.webextension.screenshots@mozilla.org	WARN	Loading extension 'screenshots@mozilla.org': Reading manifest: Invalid extension permission: resource://pdf.js/
1579104128757	addons.webextension.screenshots@mozilla.org	WARN	Loading extension 'screenshots@mozilla.org': Reading manifest: Invalid extension permission: about:reader*
1579104129664	Marionette	INFO	Listening on port 36081
1579104129743	Marionette	WARN	TLS certificate errors will be ignored for this session
1579104680959	mozrunner::runner	INFO	Running command: "/usr/bin/firefox" "-marionette" "-foreground" "-no-remote" "-profile" "/tmp/rust_mozprofilek24p7j"
1579104681178	addons.webextension.doh-rollout@mozilla.org	WARN	Loading extension 'doh-rollout@mozilla.org': Reading manifest: Invalid extension permission: networkStatus
1579104681256	addons.webextension.screenshots@mozilla.org	WARN	Loading extension 'screenshots@mozilla.org': Reading manifest: Invalid extension permission: mozillaAddons
1579104681256	addons.webextension.screenshots@mozilla.org	WARN	Loading extension 'screenshots@mozilla.org': Reading manifest: Invalid extension permission: telemetry
1579104681256	addons.webextension.screenshots@mozilla.org	WARN	Loading extension 'screenshots@mozilla.org': Reading manifest: Invalid extension permission: resource://pdf.js/
1579104681256	addons.webextension.screenshots@mozilla.org	WARN	Loading extension 'screenshots@mozilla.org': Reading manifest: Invalid extension permission: about:reader*
1579104682143	Marionette	INFO	Listening on port 33809
1579104682162	Marionette	WARN	TLS certificate errors will be ignored for this session
JavaScript error: https://seller.cdiscount.com/login, line 18: ReferenceError: AddQuery is not defined
JavaScript error: https://seller.cdiscount.com/ruxitagentjs_ICA2SVfjqru_10181191119154660.js, line 8: SyntaxError: expected expression, got '<'
JavaScript warning: https://www.geeksforgeeks.org/wp-content/themes/iconic-one/js/gfg.min.js?ver=10.33, line 94: unreachable code after return statement
JavaScript warning: https://clarium.global.ssl.fastly.net/gpt/a/wrap.js?v2_1, line 6: unreachable code after return statement
JavaScript warning: https://clarium.global.ssl.fastly.net/gpt/a/wrap.js?v2_1, line 6: unreachable code after return statement
JavaScript warning: https://clarium.global.ssl.fastly.net/gpt/a/wrap.js?v2_1, line 6: unreachable code after return statement
JavaScript warning: https://clarium.global.ssl.fastly.net/gpt/a/wrap.js?v2_1, line 6: unreachable code after return statement
JavaScript warning: https://clarium.global.ssl.fastly.net/gpt/a/wrap.js?v2_1, line 6: unreachable code after return statement
JavaScript warning: https://clarium.global.ssl.fastly.net/gpt/a/wrap.js?v2_1, line 6: unreachable code after return statement
JavaScript warning: https://www.guru99.com/media/jui/js/jquery.min.js?5488b7157d1881abf266d97c2f1147c2, line 2: Error: Script terminated by timeout at:
fix@https://www.guru99.com/media/jui/js/jquery.min.js?5488b7157d1881abf266d97c2f1147c2:2:45006
n@https://www.guru99.com/media/jui/js/jquery.min.js?5488b7157d1881abf266d97c2f1147c2:2:49815

JavaScript error: https://eus.rubiconproject.com/usync.html, line 12: SecurityError: The operation is insecure.
JavaScript error: https://eus.rubiconproject.com/usync.html, line 12: SecurityError: The operation is insecure.
1579105410997	mozrunner::runner	INFO	Running command: "/usr/bin/firefox" "-marionette" "-foreground" "-no-remote" "-profile" "/tmp/rust_mozprofileuwAzFf"
1579105411288	addons.webextension.doh-rollout@mozilla.org	WARN	Loading extension 'doh-rollout@mozilla.org': Reading manifest: Invalid extension permission: networkStatus
1579105411367	addons.webextension.screenshots@mozilla.org	WARN	Loading extension 'screenshots@mozilla.org': Reading manifest: Invalid extension permission: mozillaAddons
1579105411367	addons.webextension.screenshots@mozilla.org	WARN	Loading extension 'screenshots@mozilla.org': Reading manifest: Invalid extension permission: telemetry
1579105411367	addons.webextension.screenshots@mozilla.org	WARN	Loading extension 'screenshots@mozilla.org': Reading manifest: Invalid extension permission: resource://pdf.js/
1579105411367	addons.webextension.screenshots@mozilla.org	WARN	Loading extension 'screenshots@mozilla.org': Reading manifest: Invalid extension permission: about:reader*
1579105412383	Marionette	INFO	Listening on port 43851
1579105412400	Marionette	WARN	TLS certificate errors will be ignored for this session
1579105420777	mozrunner::runner	INFO	Running command: "/usr/bin/firefox" "-marionette" "-foreground" "-no-remote" "-profile" "/tmp/rust_mozprofilei5cDYP"
1579105421030	addons.webextension.doh-rollout@mozilla.org	WARN	Loading extension 'doh-rollout@mozilla.org': Reading manifest: Invalid extension permission: networkStatus
1579105421109	addons.webextension.screenshots@mozilla.org	WARN	Loading extension 'screenshots@mozilla.org': Reading manifest: Invalid extension permission: mozillaAddons
1579105421111	addons.webextension.screenshots@mozilla.org	WARN	Loading extension 'screenshots@mozilla.org': Reading manifest: Invalid extension permission: telemetry
1579105421111	addons.webextension.screenshots@mozilla.org	WARN	Loading extension 'screenshots@mozilla.org': Reading manifest: Invalid extension permission: resource://pdf.js/
1579105421111	addons.webextension.screenshots@mozilla.org	WARN	Loading extension 'screenshots@mozilla.org': Reading manifest: Invalid extension permission: about:reader*
1579105422046	Marionette	INFO	Listening on port 38659
1579105422080	Marionette	WARN	TLS certificate errors will be ignored for this session
JavaScript warning: https://www.google.com/xjs/_/js/k=xjs.s.fr.BmyV_Gn7ork.O/ck=xjs.s.yGrT7VIG8xE.L.F4.O/am=AAAAAEsAs24APP8HAQAAoI4BAAABbYINC4QgIYOoMIEABA/d=1/exm=Fkg7bd,HcFEGb,IvlUe,MC8mtf,OF7gzc,RMhBfe,T4BAC,TJw5qb,TbaHGc,Y33vzc,ZyRBae,cdos,cr,csi,d,hsm,iDPoPb,jsa,mvYTse,tg8oTe,uz938c,vWNDde,ws9Tlc,yQ43ff/ed=1/dg=2/ct=zgms/rs=ACT90oHkKzTk6RfmEfLriGDuZlev_XO7Gg/m=GxIAgd,MkHyGd,NBZ7u,NpD4ec,OG6ZHd,RqxLvf,T6sTsf,T7XTS,TxZWcc,URQPYc,WgDvvc,Wq6lxf,aCZVp,aa,aam1T,abd,aspn,async,bgd,dv7Bfe,dvl,eN4qad,exdc,foot,kyn,lazG7b,lu,m,mI3LFb,mUpTid,mpck,mu,o02Jie,pB6Zqd,qik19b,rHjpXd,sQAo4b,sb_wiz,sf,tl,uiNkee,vs,xz7cCd,yyqeUd,zbML3c?xjs=s1, line 207: Error: Script terminated by timeout at:
s_u_@https://www.google.com/xjs/_/js/k=xjs.s.fr.BmyV_Gn7ork.O/ck=xjs.s.yGrT7VIG8xE.L.F4.O/am=AAAAAEsAs24APP8HAQAAoI4BAAABbYINC4QgIYOoMIEABA/d=1/exm=Fkg7bd,HcFEGb,IvlUe,MC8mtf,OF7gzc,RMhBfe,T4BAC,TJw5qb,TbaHGc,Y33vzc,ZyRBae,cdos,cr,csi,d,hsm,iDPoPb,jsa,mvYTse,tg8oTe,uz938c,vWNDde,ws9Tlc,yQ43ff/ed=1/dg=2/ct=zgms/rs=ACT90oHkKzTk6RfmEfLriGDuZlev_XO7Gg/m=GxIAgd,MkHyGd,NBZ7u,NpD4ec,OG6ZHd,RqxLvf,T6sTsf,T7XTS,TxZWcc,URQPYc,WgDvvc,Wq6lxf,aCZVp,aa,aam1T,abd,aspn,async,bgd,dv7Bfe,dvl,eN4qad,exdc,foot,kyn,lazG7b,lu,m,mI3LFb,mUpTid,mpck,mu,o02Jie,pB6Zqd,qik19b,rHjpXd,sQAo4b,sb_wiz,sf,tl,uiNkee,vs,xz7cCd,yyqeUd,zbML3c?xjs=s1:207:1
s_YCg@https://www.google.com/xjs/_/js/k=xjs.s.fr.BmyV_Gn7ork.O/ck=xjs.s.yGrT7VIG8xE.L.F4.O/am=AAAAAEsAs24APP8HAQAAoI4BAAABbYINC4QgIYOoMIEABA/d=1/exm=Fkg7bd,HcFEGb,IvlUe,MC8mtf,OF7gzc,RMhBfe,T4BAC,TJw5qb,TbaHGc,Y33vzc,ZyRBae,cdos,cr,csi,d,hsm,iDPoPb,jsa,mvYTse,tg8oTe,uz938c,vWNDde,ws9Tlc,yQ43ff/ed=1/dg=2/ct=zgms/rs=ACT90oHkKzTk6RfmEfLriGDuZlev_XO7Gg/m=GxIAgd,MkHyGd,NBZ7u,NpD4ec,OG6ZHd,RqxLvf,T6sTsf,T7XTS,TxZWcc,URQPYc,WgDvvc,Wq6lxf,aCZVp,aa,aam1T,abd,aspn,async,bgd,dv7Bfe,dvl,eN4qad,exdc,foot,kyn,lazG7b,lu,m,mI3LFb,mUpTid,mpck,mu,o02Jie,pB6Zqd,qik19b,rHjpXd,sQAo4b,sb_wiz,sf,tl,uiNkee,vs,xz7cCd,yyqeUd,zbML3c?xjs=s1:211:139
s_oDg@https://www.google.com/xjs/_/js/k=xjs.s.fr.BmyV_Gn7ork.O/ck=xjs.s.yGrT7VIG8xE.L.F4.O/am=AAAAAEsAs24APP8HAQAAoI4BAAABbYINC4QgIYOoMIEABA/d=1/exm=Fkg7bd,HcFEGb,IvlUe,MC8mtf,OF7gzc,RMhBfe,T4BAC,TJw5qb,TbaHGc,Y33vzc,ZyRBae,cdos,cr,csi,d,hsm,iDPoPb,jsa,mvYTse,tg8oTe,uz938c,vWNDde,ws9Tlc,yQ43ff/ed=1/dg=2/ct=zgms/rs=ACT90oHkKzTk6RfmEfLriGDuZlev_XO7Gg/m=GxIAgd,MkHyGd,NBZ7u,NpD4ec,OG6ZHd,RqxLvf,T6sTsf,T7XTS,TxZWcc,URQPYc,WgDvvc,Wq6lxf,aCZVp,aa,aam1T,abd,aspn,async,bgd,dv7Bfe,dvl,eN4qad,exdc,foot,kyn,lazG7b,lu,m,mI3LFb,mUpTid,mpck,mu,o02Jie,pB6Zqd,qik19b,rHjpXd,sQAo4b,sb_wiz,sf,tl,uiNkee,vs,xz7cCd,yyqeUd,zbML3c?xjs=s1:244:175
s_pDg.prototype.nb@https://www.google.com/xjs/_/js/k=xjs.s.fr.BmyV_Gn7ork.O/ck=xjs.s.yGrT7VIG8xE.L.F4.O/am=AAAAAEsAs24APP8HAQAAoI4BAAABbYINC4QgIYOoMIEABA/d=1/exm=Fkg7bd,HcFEGb,IvlUe,MC8mtf,OF7gzc,RMhBfe,T4BAC,TJw5qb,TbaHGc,Y33vzc,ZyRBae,cdos,cr,csi,d,hsm,iDPoPb,jsa,mvYTse,tg8oTe,uz938c,vWNDde,ws9Tlc,yQ43ff/ed=1/dg=2/ct=zgms/rs=ACT90oHkKzTk6RfmEfLriGDuZlev_XO7Gg/m=GxIAgd,MkHyGd,NBZ7u,NpD4ec,OG6ZHd,RqxLvf,T6sTsf,T7XTS,TxZWcc,URQPYc,WgDvvc,Wq6lxf,aCZVp,aa,aam1T,abd,aspn,async,bgd,dv7Bfe,dvl,eN4qad,exdc,foot,kyn,lazG7b,lu,m,mI3LFb,mUpTid,mpck,mu,o02Jie,pB6Zqd,qik19b,rHjpXd,sQAo4b,sb_wiz,sf,tl,uiNkee,vs,xz7cCd,yyqeUd,zbML3c?xjs=s1:245:124
s_a.ZY@https://www.google.com/xjs/_/js/k=xjs.s.fr.BmyV_Gn7ork.O/ck=xjs.s.yGrT7VIG8xE.L.F4.O/m=Fkg7bd,HcFEGb,IvlUe,MC8mtf,OF7gzc,RMhBfe,T4BAC,TJw5qb,TbaHGc,Y33vzc,ZyRBae,cdos,cr,hsm,iDPoPb,jsa,mvYTse,tg8oTe,uz938c,vWNDde,ws9Tlc,yQ43ff,d,csi/am=AAAAAEsAs24APP8HAQAAoI4BAAABbYINC4QgIYOoMIEABA/d=1/dg=2/ct=zgms/rs=ACT90oHkKzTk6RfmEfLriGDuZlev_XO7Gg:410:210
s_a.dispatchEvent@https://www.google.com/xjs/_/js/k=xjs.s.fr.BmyV_Gn7ork.O/ck=xjs.s.yGrT7VIG8xE.L.F4.O/m=Fkg7bd,HcFEGb,IvlUe,MC8mtf,OF7gzc,RMhBfe,T4BAC,TJw5qb,TbaHGc,Y33vzc,ZyRBae,cdos,cr,hsm,iDPoPb,jsa,mvYTse,tg8oTe,uz938c,vWNDde,ws9Tlc,yQ43ff,d,csi/am=AAAAAEsAs24APP8HAQAAoI4BAAABbYINC4QgIYOoMIEABA/d=1/dg=2/ct=zgms/rs=ACT90oHkKzTk6RfmEfLriGDuZlev_XO7Gg:408:385
s_v_.prototype.Ca@https://www.google.com/xjs/_/js/k=xjs.s.fr.BmyV_Gn7ork.O/ck=xjs.s.yGrT7VIG8xE.L.F4.O/am=AAAAAEsAs24APP8HAQAAoI4BAAABbYINC4QgIYOoMIEABA/d=1/exm=Fkg7bd,HcFEGb,IvlUe,MC8mtf,OF7gzc,RMhBfe,T4BAC,TJw5qb,TbaHGc,Y33vzc,ZyRBae,cdos,cr,csi,d,hsm,iDPoPb,jsa,mvYTse,tg8oTe,uz938c,vWNDde,ws9Tlc,yQ43ff/ed=1/dg=2/ct=zgms/rs=ACT90oHkKzTk6RfmEfLriGDuZlev_XO7Gg/m=GxIAgd,MkHyGd,NBZ7u,NpD4ec,OG6ZHd,RqxLvf,T6sTsf,T7XTS,TxZWcc,URQPYc,WgDvvc,Wq6lxf,aCZVp,aa,aam1T,abd,aspn,async,bgd,dv7Bfe,dvl,eN4qad,exdc,foot,kyn,lazG7b,lu,m,mI3LFb,mUpTid,mpck,mu,o02Jie,pB6Zqd,qik19b,rHjpXd,sQAo4b,sb_wiz,sf,tl,uiNkee,vs,xz7cCd,yyqeUd,zbML3c?xjs=s1:217:277
s_7ha@https://www.google.com/xjs/_/js/k=xjs.s.fr.BmyV_Gn7ork.O/ck=xjs.s.yGrT7VIG8xE.L.F4.O/m=Fkg7bd,HcFEGb,IvlUe,MC8mtf,OF7gzc,RMhBfe,T4BAC,TJw5qb,TbaHGc,Y33vzc,ZyRBae,cdos,cr,hsm,iDPoPb,jsa,mvYTse,tg8oTe,uz938c,vWNDde,ws9Tlc,yQ43ff,d,csi/am=AAAAAEsAs24APP8HAQAAoI4BAAABbYINC4QgIYOoMIEABA/d=1/dg=2/ct=zgms/rs=ACT90oHkKzTk6RfmEfLriGDuZlev_XO7Gg:328:230
s_5ha@https://www.google.com/xjs/_/js/k=xjs.s.fr.BmyV_Gn7ork.O/ck=xjs.s.yGrT7VIG8xE.L.F4.O/m=Fkg7bd,HcFEGb,IvlUe,MC8mtf,OF7gzc,RMhBfe,T4BAC,TJw5qb,TbaHGc,Y33vzc,ZyRBae,cdos,cr,hsm,iDPoPb,jsa,mvYTse,tg8oTe,uz938c,vWNDde,ws9Tlc,yQ43ff,d,csi/am=AAAAAEsAs24APP8HAQAAoI4BAAABbYINC4QgIYOoMIEABA/d=1/dg=2/ct=zgms/rs=ACT90oHkKzTk6RfmEfLriGDuZlev_XO7Gg:329:249
s_3ha/b<@https://www.google.com/xjs/_/js/k=xjs.s.fr.BmyV_Gn7ork.O/ck=xjs.s.yGrT7VIG8xE.L.F4.O/m=Fkg7bd,HcFEGb,IvlUe,MC8mtf,OF7gzc,RMhBfe,T4BAC,TJw5qb,TbaHGc,Y33vzc,ZyRBae,cdos,cr,hsm,iDPoPb,jsa,mvYTse,tg8oTe,uz938c,vWNDde,ws9Tlc,yQ43ff,d,csi/am=AAAAAEsAs24APP8HAQAAoI4BAAABbYINC4QgIYOoMIEABA/d=1/dg=2/ct=zgms/rs=ACT90oHkKzTk6RfmEfLriGDuZlev_XO7Gg:325:277

1579105518965	mozrunner::runner	INFO	Running command: "/usr/bin/firefox" "-marionette" "-foreground" "-no-remote" "-profile" "/tmp/rust_mozprofilepY7SPv"
1579105519189	addons.webextension.doh-rollout@mozilla.org	WARN	Loading extension 'doh-rollout@mozilla.org': Reading manifest: Invalid extension permission: networkStatus
1579105519267	addons.webextension.screenshots@mozilla.org	WARN	Loading extension 'screenshots@mozilla.org': Reading manifest: Invalid extension permission: mozillaAddons
1579105519267	addons.webextension.screenshots@mozilla.org	WARN	Loading extension 'screenshots@mozilla.org': Reading manifest: Invalid extension permission: telemetry
1579105519267	addons.webextension.screenshots@mozilla.org	WARN	Loading extension 'screenshots@mozilla.org': Reading manifest: Invalid extension permission: resource://pdf.js/
1579105519267	addons.webextension.screenshots@mozilla.org	WARN	Loading extension 'screenshots@mozilla.org': Reading manifest: Invalid extension permission: about:reader*
1579105520211	Marionette	INFO	Listening on port 40305
1579105520268	Marionette	WARN	TLS certificate errors will be ignored for this session
JavaScript error: https://seller.cdiscount.com/login, line 18: ReferenceError: AddQuery is not defined
1579105580395	mozrunner::runner	INFO	Running command: "/usr/bin/firefox" "-marionette" "-foreground" "-no-remote" "-profile" "/tmp/rust_mozprofileK8vxmn"
1579105580623	addons.webextension.doh-rollout@mozilla.org	WARN	Loading extension 'doh-rollout@mozilla.org': Reading manifest: Invalid extension permission: networkStatus
1579105580701	addons.webextension.screenshots@mozilla.org	WARN	Loading extension 'screenshots@mozilla.org': Reading manifest: Invalid extension permission: mozillaAddons
1579105580701	addons.webextension.screenshots@mozilla.org	WARN	Loading extension 'screenshots@mozilla.org': Reading manifest: Invalid extension permission: telemetry
1579105580703	addons.webextension.screenshots@mozilla.org	WARN	Loading extension 'screenshots@mozilla.org': Reading manifest: Invalid extension permission: resource://pdf.js/
1579105580703	addons.webextension.screenshots@mozilla.org	WARN	Loading extension 'screenshots@mozilla.org': Reading manifest: Invalid extension permission: about:reader*
1579105581599	Marionette	INFO	Listening on port 38039
1579105581698	Marionette	WARN	TLS certificate errors will be ignored for this session
1579105667651	mozrunner::runner	INFO	Running command: "/usr/bin/firefox" "-marionette" "-foreground" "-no-remote" "-profile" "/tmp/rust_mozprofileS22Njl"
1579105667871	addons.webextension.doh-rollout@mozilla.org	WARN	Loading extension 'doh-rollout@mozilla.org': Reading manifest: Invalid extension permission: networkStatus
1579105667949	addons.webextension.screenshots@mozilla.org	WARN	Loading extension 'screenshots@mozilla.org': Reading manifest: Invalid extension permission: mozillaAddons
1579105667951	addons.webextension.screenshots@mozilla.org	WARN	Loading extension 'screenshots@mozilla.org': Reading manifest: Invalid extension permission: telemetry
1579105667951	addons.webextension.screenshots@mozilla.org	WARN	Loading extension 'screenshots@mozilla.org': Reading manifest: Invalid extension permission: resource://pdf.js/
1579105667951	addons.webextension.screenshots@mozilla.org	WARN	Loading extension 'screenshots@mozilla.org': Reading manifest: Invalid extension permission: about:reader*
1579105669106	Marionette	INFO	Listening on port 42807
1579105669155	Marionette	WARN	TLS certificate errors will be ignored for this session
1579105749140	mozrunner::runner	INFO	Running command: "/usr/bin/firefox" "-marionette" "-foreground" "-no-remote" "-profile" "/tmp/rust_mozprofileWNYHlx"
1579105749353	addons.webextension.doh-rollout@mozilla.org	WARN	Loading extension 'doh-rollout@mozilla.org': Reading manifest: Invalid extension permission: networkStatus
1579105749430	addons.webextension.screenshots@mozilla.org	WARN	Loading extension 'screenshots@mozilla.org': Reading manifest: Invalid extension permission: mozillaAddons
1579105749432	addons.webextension.screenshots@mozilla.org	WARN	Loading extension 'screenshots@mozilla.org': Reading manifest: Invalid extension permission: telemetry
1579105749432	addons.webextension.screenshots@mozilla.org	WARN	Loading extension 'screenshots@mozilla.org': Reading manifest: Invalid extension permission: resource://pdf.js/
1579105749432	addons.webextension.screenshots@mozilla.org	WARN	Loading extension 'screenshots@mozilla.org': Reading manifest: Invalid extension permission: about:reader*
1579105750449	Marionette	INFO	Listening on port 41801
1579105750545	Marionette	WARN	TLS certificate errors will be ignored for this session
JavaScript error: https://seller.cdiscount.com/login, line 18: ReferenceError: AddQuery is not defined
1579105760821	mozrunner::runner	INFO	Running command: "/usr/bin/firefox" "-marionette" "-foreground" "-no-remote" "-profile" "/tmp/rust_mozprofileMKT5cD"
1579105761039	addons.webextension.doh-rollout@mozilla.org	WARN	Loading extension 'doh-rollout@mozilla.org': Reading manifest: Invalid extension permission: networkStatus
1579105761119	addons.webextension.screenshots@mozilla.org	WARN	Loading extension 'screenshots@mozilla.org': Reading manifest: Invalid extension permission: mozillaAddons
1579105761120	addons.webextension.screenshots@mozilla.org	WARN	Loading extension 'screenshots@mozilla.org': Reading manifest: Invalid extension permission: telemetry
1579105761120	addons.webextension.screenshots@mozilla.org	WARN	Loading extension 'screenshots@mozilla.org': Reading manifest: Invalid extension permission: resource://pdf.js/
1579105761120	addons.webextension.screenshots@mozilla.org	WARN	Loading extension 'screenshots@mozilla.org': Reading manifest: Invalid extension permission: about:reader*
[2020-01-15T16:29:21Z ERROR audio_thread_priority::rt_linux] setrlimit64: 1
1579105762063	Marionette	INFO	Listening on port 45909
1579105762123	Marionette	WARN	TLS certificate errors will be ignored for this session
JavaScript error: https://seller.cdiscount.com/ruxitagentjs_ICA2SVfjqru_10181191119154660.js, line 8: SyntaxError: expected expression, got '<'
1579105774484	Marionette	INFO	Stopped listening on port 41801
1579105921830	mozrunner::runner	INFO	Running command: "/usr/bin/firefox" "-marionette" "-foreground" "-no-remote" "-profile" "/tmp/rust_mozprofilepF5gwn"
1579105922077	addons.webextension.doh-rollout@mozilla.org	WARN	Loading extension 'doh-rollout@mozilla.org': Reading manifest: Invalid extension permission: networkStatus
1579105922155	addons.webextension.screenshots@mozilla.org	WARN	Loading extension 'screenshots@mozilla.org': Reading manifest: Invalid extension permission: mozillaAddons
1579105922155	addons.webextension.screenshots@mozilla.org	WARN	Loading extension 'screenshots@mozilla.org': Reading manifest: Invalid extension permission: telemetry
1579105922155	addons.webextension.screenshots@mozilla.org	WARN	Loading extension 'screenshots@mozilla.org': Reading manifest: Invalid extension permission: resource://pdf.js/
1579105922155	addons.webextension.screenshots@mozilla.org	WARN	Loading extension 'screenshots@mozilla.org': Reading manifest: Invalid extension permission: about:reader*
1579105923092	Marionette	INFO	Listening on port 39405
1579105923134	Marionette	WARN	TLS certificate errors will be ignored for this session
1579106081370	mozrunner::runner	INFO	Running command: "/usr/bin/firefox" "-marionette" "-foreground" "-no-remote" "-profile" "/tmp/rust_mozprofile3GeEmY"
1579106081586	addons.webextension.doh-rollout@mozilla.org	WARN	Loading extension 'doh-rollout@mozilla.org': Reading manifest: Invalid extension permission: networkStatus
1579106081665	addons.webextension.screenshots@mozilla.org	WARN	Loading extension 'screenshots@mozilla.org': Reading manifest: Invalid extension permission: mozillaAddons
1579106081666	addons.webextension.screenshots@mozilla.org	WARN	Loading extension 'screenshots@mozilla.org': Reading manifest: Invalid extension permission: telemetry
1579106081666	addons.webextension.screenshots@mozilla.org	WARN	Loading extension 'screenshots@mozilla.org': Reading manifest: Invalid extension permission: resource://pdf.js/
1579106081666	addons.webextension.screenshots@mozilla.org	WARN	Loading extension 'screenshots@mozilla.org': Reading manifest: Invalid extension permission: about:reader*
[2020-01-15T16:34:42Z ERROR audio_thread_priority::rt_linux] setrlimit64: 1
1579106082631	Marionette	INFO	Listening on port 43723
1579106082673	Marionette	WARN	TLS certificate errors will be ignored for this session
JavaScript error: https://seller.cdiscount.com/login, line 18: ReferenceError: AddQuery is not defined
JavaScript error: https://seller.cdiscount.com/ruxitagentjs_ICA2SVfjqru_10181191119154660.js, line 8: SyntaxError: expected expression, got '<'
1579106112515	mozrunner::runner	INFO	Running command: "/usr/bin/firefox" "-marionette" "-foreground" "-no-remote" "-profile" "/tmp/rust_mozprofilerV5oLJ"
1579106112764	addons.webextension.doh-rollout@mozilla.org	WARN	Loading extension 'doh-rollout@mozilla.org': Reading manifest: Invalid extension permission: networkStatus
1579106112842	addons.webextension.screenshots@mozilla.org	WARN	Loading extension 'screenshots@mozilla.org': Reading manifest: Invalid extension permission: mozillaAddons
1579106112842	addons.webextension.screenshots@mozilla.org	WARN	Loading extension 'screenshots@mozilla.org': Reading manifest: Invalid extension permission: telemetry
1579106112842	addons.webextension.screenshots@mozilla.org	WARN	Loading extension 'screenshots@mozilla.org': Reading manifest: Invalid extension permission: resource://pdf.js/
1579106112842	addons.webextension.screenshots@mozilla.org	WARN	Loading extension 'screenshots@mozilla.org': Reading manifest: Invalid extension permission: about:reader*
[2020-01-15T16:35:13Z ERROR audio_thread_priority::rt_linux] setrlimit64: 1
1579106113824	Marionette	INFO	Listening on port 46883
1579106113921	Marionette	WARN	TLS certificate errors will be ignored for this session
1579106119602	Marionette	INFO	Stopped listening on port 43723
1579106124545	Marionette	INFO	Stopped listening on port 46883
1579106285804	mozrunner::runner	INFO	Running command: "/usr/bin/firefox" "-marionette" "-foreground" "-no-remote" "-profile" "/tmp/rust_mozprofile4abGtQ"
1579106286016	addons.webextension.doh-rollout@mozilla.org	WARN	Loading extension 'doh-rollout@mozilla.org': Reading manifest: Invalid extension permission: networkStatus
1579106286094	addons.webextension.screenshots@mozilla.org	WARN	Loading extension 'screenshots@mozilla.org': Reading manifest: Invalid extension permission: mozillaAddons
1579106286095	addons.webextension.screenshots@mozilla.org	WARN	Loading extension 'screenshots@mozilla.org': Reading manifest: Invalid extension permission: telemetry
1579106286096	addons.webextension.screenshots@mozilla.org	WARN	Loading extension 'screenshots@mozilla.org': Reading manifest: Invalid extension permission: resource://pdf.js/
1579106286096	addons.webextension.screenshots@mozilla.org	WARN	Loading extension 'screenshots@mozilla.org': Reading manifest: Invalid extension permission: about:reader*
[2020-01-15T16:38:06Z ERROR audio_thread_priority::rt_linux] setrlimit64: 1
1579106287081	Marionette	INFO	Listening on port 43305
1579106287107	Marionette	WARN	TLS certificate errors will be ignored for this session
JavaScript error: https://seller.cdiscount.com/ruxitagentjs_ICA2SVfjqru_10181191119154660.js, line 8: SyntaxError: expected expression, got '<'
1579106430409	mozrunner::runner	INFO	Running command: "/usr/bin/firefox" "-marionette" "-foreground" "-no-remote" "-profile" "/tmp/rust_mozprofiletTsFCv"
1579106430667	addons.webextension.doh-rollout@mozilla.org	WARN	Loading extension 'doh-rollout@mozilla.org': Reading manifest: Invalid extension permission: networkStatus
1579106430746	addons.webextension.screenshots@mozilla.org	WARN	Loading extension 'screenshots@mozilla.org': Reading manifest: Invalid extension permission: mozillaAddons
1579106430746	addons.webextension.screenshots@mozilla.org	WARN	Loading extension 'screenshots@mozilla.org': Reading manifest: Invalid extension permission: telemetry
1579106430748	addons.webextension.screenshots@mozilla.org	WARN	Loading extension 'screenshots@mozilla.org': Reading manifest: Invalid extension permission: resource://pdf.js/
1579106430748	addons.webextension.screenshots@mozilla.org	WARN	Loading extension 'screenshots@mozilla.org': Reading manifest: Invalid extension permission: about:reader*
[2020-01-15T16:40:31Z ERROR audio_thread_priority::rt_linux] setrlimit64: 1
1579106431708	Marionette	INFO	Listening on port 36431
1579106431715	Marionette	WARN	TLS certificate errors will be ignored for this session
JavaScript error: https://seller.cdiscount.com/ruxitagentjs_ICA2SVfjqru_10181191119154660.js, line 8: SyntaxError: expected expression, got '<'
1579106447364	mozrunner::runner	INFO	Running command: "/usr/bin/firefox" "-marionette" "-foreground" "-no-remote" "-profile" "/tmp/rust_mozprofileKdI6b3"
1579106447606	addons.webextension.doh-rollout@mozilla.org	WARN	Loading extension 'doh-rollout@mozilla.org': Reading manifest: Invalid extension permission: networkStatus
1579106447684	addons.webextension.screenshots@mozilla.org	WARN	Loading extension 'screenshots@mozilla.org': Reading manifest: Invalid extension permission: mozillaAddons
1579106447686	addons.webextension.screenshots@mozilla.org	WARN	Loading extension 'screenshots@mozilla.org': Reading manifest: Invalid extension permission: telemetry
1579106447686	addons.webextension.screenshots@mozilla.org	WARN	Loading extension 'screenshots@mozilla.org': Reading manifest: Invalid extension permission: resource://pdf.js/
1579106447686	addons.webextension.screenshots@mozilla.org	WARN	Loading extension 'screenshots@mozilla.org': Reading manifest: Invalid extension permission: about:reader*
[2020-01-15T16:40:48Z ERROR audio_thread_priority::rt_linux] setrlimit64: 1
1579106448583	Marionette	INFO	Listening on port 43883
1579106448667	Marionette	WARN	TLS certificate errors will be ignored for this session
JavaScript warning: https://www.geeksforgeeks.org/wp-content/themes/iconic-one/js/gfg.min.js?ver=10.33, line 94: unreachable code after return statement

###!!! [Child][RunMessage] Error: Channel closing: too late to send/recv, messages will be lost


###!!! [Child][RunMessage] Error: Channel closing: too late to send/recv, messages will be lost

1579106627931	Marionette	INFO	Stopped listening on port 43883
1579106627967	Marionette	INFO	Stopped listening on port 43851
1579106627974	Marionette	INFO	Stopped listening on port 42667
1579106627980	Marionette	INFO	Stopped listening on port 37279
1579106627981	Marionette	INFO	Stopped listening on port 43305
1579106627981	Marionette	INFO	Stopped listening on port 36081
1579106627992	Marionette	INFO	Stopped listening on port 36431
1579106628010	Marionette	INFO	Stopped listening on port 40305
1579106628067	Marionette	INFO	Stopped listening on port 38659
1579106628089	Marionette	INFO	Stopped listening on port 34745
1579106628093	Marionette	INFO	Stopped listening on port 38039
1579106628097	Marionette	INFO	Stopped listening on port 42807
1579106628107	Marionette	INFO	Stopped listening on port 43633
1579106628158	Marionette	INFO	Stopped listening on port 45909
1579106628196	Marionette	INFO	Stopped listening on port 39405
1579106628198	Marionette	INFO	Stopped listening on port 45873
1579106628245	Marionette	INFO	Stopped listening on port 33809
1579106656610	mozrunner::runner	INFO	Running command: "/usr/bin/firefox" "-marionette" "-foreground" "-no-remote" "-profile" "/tmp/rust_mozprofile3R2Poi"
1579106656819	addons.webextension.doh-rollout@mozilla.org	WARN	Loading extension 'doh-rollout@mozilla.org': Reading manifest: Invalid extension permission: networkStatus
1579106656898	addons.webextension.screenshots@mozilla.org	WARN	Loading extension 'screenshots@mozilla.org': Reading manifest: Invalid extension permission: mozillaAddons
1579106656898	addons.webextension.screenshots@mozilla.org	WARN	Loading extension 'screenshots@mozilla.org': Reading manifest: Invalid extension permission: telemetry
1579106656898	addons.webextension.screenshots@mozilla.org	WARN	Loading extension 'screenshots@mozilla.org': Reading manifest: Invalid extension permission: resource://pdf.js/
1579106656898	addons.webextension.screenshots@mozilla.org	WARN	Loading extension 'screenshots@mozilla.org': Reading manifest: Invalid extension permission: about:reader*
1579106657918	Marionette	INFO	Listening on port 40629
1579106658018	Marionette	WARN	TLS certificate errors will be ignored for this session
1579173063225	mozrunner::runner	INFO	Running command: "/usr/bin/firefox" "-marionette" "-foreground" "-no-remote" "-profile" "/tmp/rust_mozprofilewn645h"
1579173063471	addons.webextension.doh-rollout@mozilla.org	WARN	Loading extension 'doh-rollout@mozilla.org': Reading manifest: Invalid extension permission: networkStatus
1579173063551	addons.webextension.screenshots@mozilla.org	WARN	Loading extension 'screenshots@mozilla.org': Reading manifest: Invalid extension permission: mozillaAddons
1579173063552	addons.webextension.screenshots@mozilla.org	WARN	Loading extension 'screenshots@mozilla.org': Reading manifest: Invalid extension permission: telemetry
1579173063552	addons.webextension.screenshots@mozilla.org	WARN	Loading extension 'screenshots@mozilla.org': Reading manifest: Invalid extension permission: resource://pdf.js/
1579173063552	addons.webextension.screenshots@mozilla.org	WARN	Loading extension 'screenshots@mozilla.org': Reading manifest: Invalid extension permission: about:reader*
1579173064468	Marionette	INFO	Listening on port 38811
1579173064528	Marionette	WARN	TLS certificate errors will be ignored for this session
1579173114980	Marionette	INFO	Stopped listening on port 40629
1579173116206	mozrunner::runner	INFO	Running command: "/usr/bin/firefox" "-marionette" "-foreground" "-no-remote" "-profile" "/tmp/rust_mozprofilejdjXgU"
1579173116485	addons.webextension.doh-rollout@mozilla.org	WARN	Loading extension 'doh-rollout@mozilla.org': Reading manifest: Invalid extension permission: networkStatus
1579173116564	addons.webextension.screenshots@mozilla.org	WARN	Loading extension 'screenshots@mozilla.org': Reading manifest: Invalid extension permission: mozillaAddons
1579173116566	addons.webextension.screenshots@mozilla.org	WARN	Loading extension 'screenshots@mozilla.org': Reading manifest: Invalid extension permission: telemetry
1579173116566	addons.webextension.screenshots@mozilla.org	WARN	Loading extension 'screenshots@mozilla.org': Reading manifest: Invalid extension permission: resource://pdf.js/
1579173116566	addons.webextension.screenshots@mozilla.org	WARN	Loading extension 'screenshots@mozilla.org': Reading manifest: Invalid extension permission: about:reader*
1579173117560	Marionette	INFO	Listening on port 34925
1579173117609	Marionette	WARN	TLS certificate errors will be ignored for this session
1579177981294	Marionette	INFO	Stopped listening on port 34925
1579178033096	Marionette	INFO	Stopped listening on port 38811
